8/27/2024 2:27:17 PM | Debut Mise en ligne complete (Site):
8/27/2024 2:27:20 PM | Listing terminé :
8/27/2024 2:27:20 PM | 

8/27/2024 2:27:20 PM | * Files/Other-- -- --Folder create
8/27/2024 2:27:20 PM | * WEFiles-- -- --Folder create
8/27/2024 2:27:20 PM | * WEFiles/Xml-- -- --Folder create
8/27/2024 2:27:20 PM | * WEFiles/Server-- -- --Folder create
8/27/2024 2:27:20 PM | * WEFiles/Server/language-- -- --Folder create
8/27/2024 2:27:20 PM | * WEFiles/Server/DB-- -- --Folder create
8/27/2024 2:27:20 PM | * WEFiles/Server/DB/DBTools-- -- --Folder create
8/27/2024 2:27:20 PM | * WEFiles/Server/class-- -- --Folder create
8/27/2024 2:27:20 PM | * WEFiles/Other-- -- --Folder create
8/27/2024 2:27:20 PM | * WEFiles/Image-- -- --Folder create
8/27/2024 2:27:20 PM | * WEFiles/Font-- -- --Folder create
8/27/2024 2:27:20 PM | * WEFiles/EG-- -- --Folder create
8/27/2024 2:27:20 PM | * WEFiles/Css-- -- --Folder create
8/27/2024 2:27:20 PM | * WEFiles/Css/v02-- -- --Folder create
8/27/2024 2:27:20 PM | * WEFiles/Css/v01-- -- --Folder create
8/27/2024 2:27:20 PM | * WEFiles/Client-- -- --Folder create
8/27/2024 2:27:20 PM | * WEFiles/Client/jQuery-- -- --Folder create
8/27/2024 2:27:20 PM | * WEFiles/Client/jQuery/Plugins-- -- --Folder create
8/27/2024 2:27:20 PM | * WEFiles/Client/Common-- -- --Folder create
8/27/2024 2:27:20 PM | * Templates-- -- --Folder create
8/27/2024 2:27:20 PM | * Files-- -- --Folder create
8/27/2024 2:27:20 PM | * Files/Video-- -- --Folder create
8/27/2024 2:27:20 PM | * Files/Other-- -- --Folder create
8/27/2024 2:27:20 PM | * Files/Media-- -- --Folder create
8/27/2024 2:27:20 PM | * Files/Image-- -- --Folder create
8/27/2024 2:27:20 PM | * Files/Fonts-- -- --Folder create
8/27/2024 2:27:20 PM | * Files/Flash-- -- --Folder create
8/27/2024 2:27:20 PM | * Files/Audio-- -- --Folder create
8/27/2024 2:27:20 PM | * Data-- -- --Folder create
8/27/2024 2:27:20 PM | * Backup-- -- --Folder create
8/27/2024 2:27:20 PM | * Common-- -- --Folder create
8/27/2024 2:27:20 PM | * Files\Other-- -- --Folder create
8/27/2024 2:27:20 PM | * Files\Fonts-- -- --Folder create
8/27/2024 2:27:20 PM | * Backup/.htaccess-- -- --33
8/27/2024 2:27:20 PM | * Data/.htaccess-- -- --13
8/27/2024 2:27:20 PM | * WEFiles/Client/Common/oe.min.js-- -- --16317
8/27/2024 2:27:20 PM | * WEFiles/Client/jQuery/Plugins/jquery.form.js-- -- --11659
8/27/2024 2:27:20 PM | * WEFiles/Client/jQuery/Plugins/jquery.ui.core.js-- -- --19590
8/27/2024 2:27:20 PM | * WEFiles/Client/jQuery/Plugins/jquery.ui.effects.js-- -- --25199
8/27/2024 2:27:20 PM | * WEFiles/Client/jQuery/1.10.2.js-- -- --93107
8/27/2024 2:27:20 PM | * WEFiles/Client/jQuery/migrate.js-- -- --7202
8/27/2024 2:27:20 PM | * WEFiles/Client/OEDB.js-- -- --1856
8/27/2024 2:27:20 PM | * WEFiles/Client/OEDBClasses.js-- -- --2280
8/27/2024 2:27:20 PM | * WEFiles/Client/opentip-jquery.min.js-- -- --44974
8/27/2024 2:27:20 PM | * WEFiles/Css/v01/openElement.css-- -- --5851
8/27/2024 2:27:20 PM | * WEFiles/Css/v02/openElement.css-- -- --6102
8/27/2024 2:27:20 PM | * WEFiles/Css/v02/openElement.int.css-- -- --6177
8/27/2024 2:27:20 PM | * WEFiles/Css/ie7.css-- -- --833
8/27/2024 2:27:20 PM | * WEFiles/Css/opentip.css-- -- --9211
8/27/2024 2:27:20 PM | * WEFiles/Image/Code.png-- -- --831
8/27/2024 2:27:20 PM | * WEFiles/Image/delete.png-- -- --1465
8/27/2024 2:27:20 PM | * WEFiles/Image/empty.png-- -- --184
8/27/2024 2:27:20 PM | * WEFiles/Image/information2.png-- -- --3246
8/27/2024 2:27:20 PM | * WEFiles/Image/loading.gif-- -- --1924
8/27/2024 2:27:20 PM | * WEFiles/Image/Loading2.gif-- -- --4941
8/27/2024 2:27:20 PM | * WEFiles/Image/mask.png-- -- --213
8/27/2024 2:27:20 PM | * WEFiles/Image/ModalBackgound.png-- -- --27145
8/27/2024 2:27:20 PM | * WEFiles/Image/ModalPopupBlock.png-- -- --268
8/27/2024 2:27:20 PM | * WEFiles/Image/ServerError.png-- -- --2602
8/27/2024 2:27:20 PM | * WEFiles/Image/warning.png-- -- --816
8/27/2024 2:27:20 PM | * WEFiles/Image/WEW3C.png-- -- --1882
8/27/2024 2:27:20 PM | * WEFiles/Server/class/class-phpmailer.php-- -- --65668
8/27/2024 2:27:20 PM | * WEFiles/Server/class/class-smtp.php-- -- --32456
8/27/2024 2:27:20 PM | * WEFiles/Server/DB/DBTools/OEDataContainers.php-- -- --57685
8/27/2024 2:27:20 PM | * WEFiles/Server/DB/DBTools/OEDBRequest.php-- -- --36412
8/27/2024 2:27:20 PM | * WEFiles/Server/DB/DBTools/OEDynUtils.php-- -- --15107
8/27/2024 2:27:20 PM | * WEFiles/Server/DB/.htaccess-- -- --13
8/27/2024 2:27:20 PM | * WEFiles/Server/DB/OEDB.php-- -- --28741
8/27/2024 2:27:20 PM | * WEFiles/Server/DB/OEDBClasses.php-- -- --84483
8/27/2024 2:27:20 PM | * WEFiles/Server/DB/sqllogin.php-- -- --1479
8/27/2024 2:27:20 PM | * WEFiles/Server/language/phpmailer.lang-en.php-- -- --1188
8/27/2024 2:27:20 PM | * WEFiles/Server/language/phpmailer.lang-fr.php-- -- --1297
8/27/2024 2:27:20 PM | * WEFiles/Server/openElement.php-- -- --13870
8/27/2024 2:27:20 PM | * WEFiles/Server/VarText.php-- -- --4496
8/27/2024 2:27:20 PM | * Files/Other/index.html-- -- --43286
8/27/2024 2:27:20 PM | * .htaccess-- -- --0
8/27/2024 2:27:20 PM | * index.css-- -- --431
8/27/2024 2:27:20 PM | * index.htm-- -- --1690
8/27/2024 2:27:20 PM | * robots.txt-- -- --19
8/27/2024 2:27:20 PM | * sitemap.xml-- -- --365
8/27/2024 2:27:20 PM | * Files/Other/index.html-- -- --43286
8/27/2024 2:27:20 PM | * Templates/Base.css-- -- --477
8/27/2024 2:27:20 PM | 
8/27/2024 2:27:20 PM | 
--------------------------------Phase 1 Terminé--------------------------------
8/27/2024 2:27:20 PM | 

